<?xml version="1.0" encoding="UTF-8"?>
<testng-results ignored="0" total="18" passed="17" failed="1" skipped="0">
  <reporter-output>
  </reporter-output>
  <suite started-at="2022-09-19T10:49:47 IST" name="Default suite" finished-at="2022-09-19T10:50:02 IST" duration-ms="15138">
    <groups>
    </groups>
    <test started-at="2022-09-19T10:49:47 IST" name="Default test" finished-at="2022-09-19T10:50:02 IST" duration-ms="15138">
      <class name="tsngop.optst">
        <test-method signature="launchBrowser()[pri:1, instance:tsngop.optst@2053d869]" started-at="2022-09-19T10:49:47 IST" name="launchBrowser" finished-at="2022-09-19T10:49:56 IST" duration-ms="9661" status="PASS">
          <reporter-output>
          </reporter-output>
        </test-method> <!-- launchBrowser -->
        <test-method signature="enterFirstName()[pri:2, instance:tsngop.optst@2053d869]" started-at="2022-09-19T10:49:56 IST" name="enterFirstName" finished-at="2022-09-19T10:49:57 IST" duration-ms="152" status="PASS">
          <reporter-output>
          </reporter-output>
        </test-method> <!-- enterFirstName -->
        <test-method signature="enterLastName()[pri:3, instance:tsngop.optst@2053d869]" started-at="2022-09-19T10:49:57 IST" name="enterLastName" finished-at="2022-09-19T10:49:57 IST" duration-ms="86" status="PASS">
          <reporter-output>
          </reporter-output>
        </test-method> <!-- enterLastName -->
        <test-method signature="enterEmailId()[pri:4, instance:tsngop.optst@2053d869]" started-at="2022-09-19T10:49:57 IST" name="enterEmailId" finished-at="2022-09-19T10:49:57 IST" duration-ms="98" status="PASS">
          <reporter-output>
          </reporter-output>
        </test-method> <!-- enterEmailId -->
        <test-method signature="enterPassword()[pri:5, instance:tsngop.optst@2053d869]" started-at="2022-09-19T10:49:57 IST" name="enterPassword" finished-at="2022-09-19T10:49:57 IST" duration-ms="75" status="PASS">
          <reporter-output>
          </reporter-output>
        </test-method> <!-- enterPassword -->
        <test-method signature="selectGender()[pri:6, instance:tsngop.optst@2053d869]" started-at="2022-09-19T10:49:57 IST" name="selectGender" finished-at="2022-09-19T10:49:57 IST" duration-ms="88" status="PASS">
          <reporter-output>
          </reporter-output>
        </test-method> <!-- selectGender -->
        <test-method signature="enterNumber()[pri:7, instance:tsngop.optst@2053d869]" started-at="2022-09-19T10:49:57 IST" name="enterNumber" finished-at="2022-09-19T10:49:57 IST" duration-ms="94" status="PASS">
          <reporter-output>
          </reporter-output>
        </test-method> <!-- enterNumber -->
        <test-method signature="enterAddress1()[pri:8, instance:tsngop.optst@2053d869]" started-at="2022-09-19T10:49:57 IST" name="enterAddress1" finished-at="2022-09-19T10:49:57 IST" duration-ms="99" status="PASS">
          <reporter-output>
          </reporter-output>
        </test-method> <!-- enterAddress1 -->
        <test-method signature="enterAddress2()[pri:9, instance:tsngop.optst@2053d869]" started-at="2022-09-19T10:49:57 IST" name="enterAddress2" finished-at="2022-09-19T10:49:57 IST" duration-ms="99" status="PASS">
          <reporter-output>
          </reporter-output>
        </test-method> <!-- enterAddress2 -->
        <test-method signature="enterCity()[pri:10, instance:tsngop.optst@2053d869]" started-at="2022-09-19T10:49:57 IST" name="enterCity" finished-at="2022-09-19T10:49:57 IST" duration-ms="107" status="PASS">
          <reporter-output>
          </reporter-output>
        </test-method> <!-- enterCity -->
        <test-method signature="selectState()[pri:11, instance:tsngop.optst@2053d869]" started-at="2022-09-19T10:49:57 IST" name="selectState" finished-at="2022-09-19T10:49:57 IST" duration-ms="96" status="PASS">
          <reporter-output>
          </reporter-output>
        </test-method> <!-- selectState -->
        <test-method signature="enterZIP()[pri:12, instance:tsngop.optst@2053d869]" started-at="2022-09-19T10:49:57 IST" name="enterZIP" finished-at="2022-09-19T10:49:58 IST" duration-ms="78" status="PASS">
          <reporter-output>
          </reporter-output>
        </test-method> <!-- enterZIP -->
        <test-method signature="selectBrand()[pri:13, instance:tsngop.optst@2053d869]" started-at="2022-09-19T10:49:58 IST" name="selectBrand" finished-at="2022-09-19T10:49:58 IST" duration-ms="126" status="FAIL">
          <exception class="java.lang.AssertionError">
            <message>
              <![CDATA[expected [true] but found [false]]]>
            </message>
            <full-stacktrace>
              <![CDATA[java.lang.AssertionError: expected [true] but found [false]
at org.testng.Assert.fail(Assert.java:99)
at org.testng.Assert.failNotEquals(Assert.java:1037)
at org.testng.Assert.assertTrue(Assert.java:45)
at org.testng.Assert.assertTrue(Assert.java:55)
at tsngop.optst.selectBrand(optst.java:118)
at java.base/jdk.internal.reflect.NativeMethodAccessorImpl.invoke0(Native Method)
at java.base/jdk.internal.reflect.NativeMethodAccessorImpl.invoke(NativeMethodAccessorImpl.java:62)
at java.base/jdk.internal.reflect.DelegatingMethodAccessorImpl.invoke(DelegatingMethodAccessorImpl.java:43)
at java.base/java.lang.reflect.Method.invoke(Method.java:566)
at org.testng.internal.MethodInvocationHelper.invokeMethod(MethodInvocationHelper.java:133)
at org.testng.internal.TestInvoker.invokeMethod(TestInvoker.java:598)
at org.testng.internal.TestInvoker.invokeTestMethod(TestInvoker.java:173)
at org.testng.internal.MethodRunner.runInSequence(MethodRunner.java:46)
at org.testng.internal.TestInvoker$MethodInvocationAgent.invoke(TestInvoker.java:824)
at org.testng.internal.TestInvoker.invokeTestMethods(TestInvoker.java:146)
at org.testng.internal.TestMethodWorker.invokeTestMethods(TestMethodWorker.java:146)
at org.testng.internal.TestMethodWorker.run(TestMethodWorker.java:128)
at java.base/java.util.ArrayList.forEach(ArrayList.java:1541)
at org.testng.TestRunner.privateRun(TestRunner.java:794)
at org.testng.TestRunner.run(TestRunner.java:596)
at org.testng.SuiteRunner.runTest(SuiteRunner.java:377)
at org.testng.SuiteRunner.runSequentially(SuiteRunner.java:371)
at org.testng.SuiteRunner.privateRun(SuiteRunner.java:332)
at org.testng.SuiteRunner.run(SuiteRunner.java:276)
at org.testng.SuiteRunnerWorker.runSuite(SuiteRunnerWorker.java:53)
at org.testng.SuiteRunnerWorker.run(SuiteRunnerWorker.java:96)
at org.testng.TestNG.runSuitesSequentially(TestNG.java:1212)
at org.testng.TestNG.runSuitesLocally(TestNG.java:1134)
at org.testng.TestNG.runSuites(TestNG.java:1063)
at org.testng.TestNG.run(TestNG.java:1031)
at org.testng.remote.AbstractRemoteTestNG.run(AbstractRemoteTestNG.java:115)
at org.testng.remote.RemoteTestNG.initAndRun(RemoteTestNG.java:251)
at org.testng.remote.RemoteTestNG.main(RemoteTestNG.java:77)
]]>
            </full-stacktrace>
          </exception> <!-- java.lang.AssertionError -->
          <reporter-output>
          </reporter-output>
        </test-method> <!-- selectBrand -->
        <test-method signature="selectModel()[pri:14, instance:tsngop.optst@2053d869]" started-at="2022-09-19T10:49:58 IST" name="selectModel" finished-at="2022-09-19T10:49:58 IST" duration-ms="70" status="PASS">
          <reporter-output>
          </reporter-output>
        </test-method> <!-- selectModel -->
        <test-method signature="enterCount()[pri:15, instance:tsngop.optst@2053d869]" started-at="2022-09-19T10:49:58 IST" name="enterCount" finished-at="2022-09-19T10:49:58 IST" duration-ms="83" status="PASS">
          <reporter-output>
          </reporter-output>
        </test-method> <!-- enterCount -->
        <test-method signature="selectHaveYouBought()[pri:16, instance:tsngop.optst@2053d869]" started-at="2022-09-19T10:49:58 IST" name="selectHaveYouBought" finished-at="2022-09-19T10:49:58 IST" duration-ms="103" status="PASS">
          <reporter-output>
          </reporter-output>
        </test-method> <!-- selectHaveYouBought -->
        <test-method signature="selectCheck()[pri:17, instance:tsngop.optst@2053d869]" started-at="2022-09-19T10:49:58 IST" name="selectCheck" finished-at="2022-09-19T10:49:58 IST" duration-ms="188" status="PASS">
          <reporter-output>
          </reporter-output>
        </test-method> <!-- selectCheck -->
        <test-method signature="selectOrder()[pri:18, instance:tsngop.optst@2053d869]" started-at="2022-09-19T10:49:58 IST" name="selectOrder" finished-at="2022-09-19T10:50:02 IST" duration-ms="3729" status="PASS">
          <reporter-output>
          </reporter-output>
        </test-method> <!-- selectOrder -->
      </class> <!-- tsngop.optst -->
    </test> <!-- Default test -->
  </suite> <!-- Default suite -->
</testng-results>
